#
# There is insufficient memory for the Java Runtime Environment to continue.
# Native memory allocation (mmap) failed to map 130023424 bytes for G1 virtual space
# Possible reasons:
#   The system is out of physical RAM or swap space
#   The process is running with CompressedOops enabled, and the Java Heap may be blocking the growth of the native heap
# Possible solutions:
#   Reduce memory load on the system
#   Increase physical memory or swap space
#   Check if swap backing store is full
#   Decrease Java heap size (-Xmx/-Xms)
#   Decrease number of Java threads
#   Decrease Java thread stack sizes (-Xss)
#   Set larger code cache with -XX:ReservedCodeCacheSize=
#   JVM is running with Unscaled Compressed Oops mode in which the Java heap is
#     placed in the first 4GB address space. The Java Heap base address is the
#     maximum limit for the native heap growth. Please use -XX:HeapBaseMinAddress
#     to set the Java Heap base and to place the Java Heap above 4GB virtual address.
# This output file may be truncated or incomplete.
#
#  Out of Memory Error (os_windows.cpp:3600), pid=21196, tid=27204
#
# JRE version:  (21.0.2+13) (build )
# Java VM: Java HotSpot(TM) 64-Bit Server VM (21.0.2+13-LTS-58, mixed mode, sharing, tiered, compressed oops, compressed class ptrs, g1 gc, windows-amd64)
# No core dump will be written. Minidumps are not enabled by default on client versions of Windows
#

---------------  S U M M A R Y ------------

Command Line: -javaagent:C:\\Users\\ASUS\\.m2\\repository\\org\\jacoco\\org.jacoco.agent\\0.8.12\\org.jacoco.agent-0.8.12-runtime.jar=destfile=D:\\Luan_Van\\techstore-ecommerce-platform\\techstore-backend\\chat-service\\target\\jacoco.exec,excludes=com/techstore/chat/dto/**:com/techstore/chat/entity/**:com/techstore/chat/mapper/**:com/techstore/chat/configuration/** C:\Users\ASUS\AppData\Local\Temp\surefire5709723414404191114\surefirebooter-20260330034624389_3.jar C:\Users\ASUS\AppData\Local\Temp\surefire5709723414404191114 2026-03-30T03-46-24_191-jvmRun1 surefire-20260330034624389_1tmp surefire_0-20260330034624389_2tmp

Host: 11th Gen Intel(R) Core(TM) i5-11400H @ 2.70GHz, 12 cores, 7G,  Windows 11 , 64 bit Build 26100 (10.0.26100.7920)
Time: Mon Mar 30 03:46:26 2026 SE Asia Standard Time elapsed time: 1.132169 seconds (0d 0h 0m 1s)

---------------  T H R E A D  ---------------

Current thread (0x000001fba4ea7800):  JavaThread "Unknown thread" [_thread_in_vm, id=27204, stack(0x0000003815600000,0x0000003815700000) (1024K)]

Stack: [0x0000003815600000,0x0000003815700000]
Native frames: (J=compiled Java code, j=interpreted, Vv=VM code, C=native code)
V  [jvm.dll+0x6cade9]
V  [jvm.dll+0x8569c1]
V  [jvm.dll+0x858d2e]
V  [jvm.dll+0x859413]
V  [jvm.dll+0x280e56]
V  [jvm.dll+0x6c74d5]
V  [jvm.dll+0x6bbeca]
V  [jvm.dll+0x355bca]
V  [jvm.dll+0x35d816]
V  [jvm.dll+0x3ae67e]
V  [jvm.dll+0x3ae928]
V  [jvm.dll+0x3295dc]
V  [jvm.dll+0x32a16b]
V  [jvm.dll+0x81efa9]
V  [jvm.dll+0x3bba01]
V  [jvm.dll+0x807928]
V  [jvm.dll+0x44f50e]
V  [jvm.dll+0x450e11]
C  [jli.dll+0x52a3]
C  [ucrtbase.dll+0x37b0]
C  [KERNEL32.DLL+0x2e8d7]
C  [ntdll.dll+0x8c48c]


---------------  P R O C E S S  ---------------

Threads class SMR info:
_java_thread_list=0x00007ffeffb4bb88, length=0, elements={
}

Java Threads: ( => current thread )
Total: 0

Other Threads:
  0x000001fba4f00b50 WorkerThread "GC Thread#0"                     [id=23780, stack(0x0000003815700000,0x0000003815800000) (1024K)]
  0x000001fba4f13fd0 ConcurrentGCThread "G1 Main Marker"            [id=7464, stack(0x0000003815800000,0x0000003815900000) (1024K)]
  0x000001fba4f150f0 WorkerThread "G1 Conc#0"                       [id=1772, stack(0x0000003815900000,0x0000003815a00000) (1024K)]

[error occurred during error reporting (printing all threads), id 0xc0000005, EXCEPTION_ACCESS_VIOLATION (0xc0000005) at pc=0x00007ffeff2bc6a7]
VM state: not at safepoint (not fully initialized)

VM Mutex/Monitor currently owned by a thread:  ([mutex/lock_event])
[0x00007ffeffbbce68] Heap_lock - owner thread: 0x000001fba4ea7800

Heap address: 0x0000000084000000, size: 1984 MB, Compressed Oops mode: 32-bit

CDS archive(s) mapped at: [0x0000000000000000-0x0000000000000000-0x0000000000000000), size 0, SharedBaseAddress: 0x0000000800000000, ArchiveRelocationMode: 1.
Narrow klass base: 0x0000000000000000, Narrow klass shift: 0, Narrow klass range: 0x0

GC Precious Log:
 CardTable entry size: 512
 Card Set container configuration: InlinePtr #cards 5 size 8 Array Of Cards #cards 12 size 40 Howl #buckets 4 coarsen threshold 1843 Howl Bitmap #cards 512 size 80 coarsen threshold 460 Card regions per heap region 1 cards per card region 2048

Heap:
 garbage-first heap   total 0K, used 0K [0x0000000084000000, 0x0000000100000000)
  region size 1024K, 0 young (0K), 0 survivors (0K)

[error occurred during error reporting (printing heap information), id 0xc0000005, EXCEPTION_ACCESS_VIOLATION (0xc0000005) at pc=0x00007ffeff6a39f9]
GC Heap History (0 events):
No events

Dll operation events (1 events):
Event: 0.009 Loaded shared library C:\Program Files\java\jdk-21.0.2\bin\java.dll

Deoptimization events (0 events):
No events

Classes loaded (0 events):
No events

Classes unloaded (0 events):
No events

Classes redefined (0 events):
No events

Internal exceptions (0 events):
No events

ZGC Phase Switch (0 events):
No events

VM Operations (0 events):
No events

Events (0 events):
No events


Dynamic libraries:
0x00007ff6f2070000 - 0x00007ff6f2080000 	C:\Program Files\java\jdk-21.0.2\bin\java.exe
0x00007fff937e0000 - 0x00007fff93a47000 	C:\WINDOWS\SYSTEM32\ntdll.dll
0x00007fff91e10000 - 0x00007fff91ed9000 	C:\WINDOWS\System32\KERNEL32.DLL
0x00007fff90790000 - 0x00007fff90b81000 	C:\WINDOWS\System32\KERNELBASE.dll
0x00007fff90b90000 - 0x00007fff90cdb000 	C:\WINDOWS\System32\ucrtbase.dll
0x00007fff7cea0000 - 0x00007fff7ceb9000 	C:\Program Files\java\jdk-21.0.2\bin\jli.dll
0x00007fff7ad20000 - 0x00007fff7ad3b000 	C:\Program Files\java\jdk-21.0.2\bin\VCRUNTIME140.dll
0x00007fff91a90000 - 0x00007fff91b4b000 	C:\WINDOWS\System32\ADVAPI32.dll
0x00007fff91b50000 - 0x00007fff91bf9000 	C:\WINDOWS\System32\msvcrt.dll
0x00007fff91ee0000 - 0x00007fff91f87000 	C:\WINDOWS\System32\sechost.dll
0x00007fff93050000 - 0x00007fff93168000 	C:\WINDOWS\System32\RPCRT4.dll
0x00007fff92710000 - 0x00007fff928d5000 	C:\WINDOWS\System32\USER32.dll
0x00007fff90ce0000 - 0x00007fff90d07000 	C:\WINDOWS\System32\win32u.dll
0x00007fff72ca0000 - 0x00007fff72f33000 	C:\WINDOWS\WinSxS\amd64_microsoft.windows.common-controls_6595b64144ccf1df_6.0.26100.8037_none_3e092faae333b53b\COMCTL32.dll
0x00007fff926e0000 - 0x00007fff9270b000 	C:\WINDOWS\System32\GDI32.dll
0x00007fff90660000 - 0x00007fff9078b000 	C:\WINDOWS\System32\gdi32full.dll
0x00007fff90380000 - 0x00007fff90423000 	C:\WINDOWS\System32\msvcp_win.dll
0x00007fff83d00000 - 0x00007fff83d0b000 	C:\WINDOWS\SYSTEM32\VERSION.dll
0x00007fff91dd0000 - 0x00007fff91e01000 	C:\WINDOWS\System32\IMM32.DLL
0x00007fff79fd0000 - 0x00007fff79fdc000 	C:\Program Files\java\jdk-21.0.2\bin\vcruntime140_1.dll
0x00007fff2a9e0000 - 0x00007fff2aa6e000 	C:\Program Files\java\jdk-21.0.2\bin\msvcp140.dll
0x00007ffefef80000 - 0x00007ffeffc97000 	C:\Program Files\java\jdk-21.0.2\bin\server\jvm.dll
0x00007fff92640000 - 0x00007fff926b4000 	C:\WINDOWS\System32\WS2_32.dll
0x00007fff8ecc0000 - 0x00007fff8ed1e000 	C:\WINDOWS\SYSTEM32\POWRPROF.dll
0x00007fff81d30000 - 0x00007fff81d65000 	C:\WINDOWS\SYSTEM32\WINMM.dll
0x00007fff8eca0000 - 0x00007fff8ecb4000 	C:\WINDOWS\SYSTEM32\UMPDC.dll
0x00007fff8ef70000 - 0x00007fff8ef8b000 	C:\WINDOWS\SYSTEM32\kernel.appcore.dll
0x00007fff84df0000 - 0x00007fff84dfa000 	C:\Program Files\java\jdk-21.0.2\bin\jimage.dll
0x00007fff8dd30000 - 0x00007fff8df72000 	C:\WINDOWS\SYSTEM32\DBGHELP.DLL
0x00007fff922b0000 - 0x00007fff92632000 	C:\WINDOWS\System32\combase.dll
0x00007fff92020000 - 0x00007fff920f7000 	C:\WINDOWS\System32\OLEAUT32.dll
0x00007fff6e280000 - 0x00007fff6e2bb000 	C:\WINDOWS\SYSTEM32\dbgcore.DLL
0x00007fff905b0000 - 0x00007fff90655000 	C:\WINDOWS\System32\bcryptPrimitives.dll
0x00007fff83f20000 - 0x00007fff83f2f000 	C:\Program Files\java\jdk-21.0.2\bin\instrument.dll
0x00007fff7ae20000 - 0x00007fff7ae3f000 	C:\Program Files\java\jdk-21.0.2\bin\java.dll

dbghelp: loaded successfully - version: 4.0.5 - missing functions: none
symbol engine: initialized successfully - sym options: 0x614 - pdb path: .;C:\Program Files\java\jdk-21.0.2\bin;C:\WINDOWS\SYSTEM32;C:\WINDOWS\WinSxS\amd64_microsoft.windows.common-controls_6595b64144ccf1df_6.0.26100.8037_none_3e092faae333b53b;C:\Program Files\java\jdk-21.0.2\bin\server

VM Arguments:
jvm_args: -javaagent:C:\\Users\\ASUS\\.m2\\repository\\org\\jacoco\\org.jacoco.agent\\0.8.12\\org.jacoco.agent-0.8.12-runtime.jar=destfile=D:\\Luan_Van\\techstore-ecommerce-platform\\techstore-backend\\chat-service\\target\\jacoco.exec,excludes=com/techstore/chat/dto/**:com/techstore/chat/entity/**:com/techstore/chat/mapper/**:com/techstore/chat/configuration/** 
java_command: C:\Users\ASUS\AppData\Local\Temp\surefire5709723414404191114\surefirebooter-20260330034624389_3.jar C:\Users\ASUS\AppData\Local\Temp\surefire5709723414404191114 2026-03-30T03-46-24_191-jvmRun1 surefire-20260330034624389_1tmp surefire_0-20260330034624389_2tmp
java_class_path (initial): C:\Users\ASUS\AppData\Local\Temp\surefire5709723414404191114\surefirebooter-20260330034624389_3.jar
Launcher Type: SUN_STANDARD

[Global flags]
     intx CICompilerCount                          = 4                                         {product} {ergonomic}
     uint ConcGCThreads                            = 3                                         {product} {ergonomic}
     uint G1ConcRefinementThreads                  = 10                                        {product} {ergonomic}
   size_t G1HeapRegionSize                         = 1048576                                   {product} {ergonomic}
    uintx GCDrainStackTargetSize                   = 64                                        {product} {ergonomic}
   size_t InitialHeapSize                          = 130023424                                 {product} {ergonomic}
   size_t MarkStackSize                            = 4194304                                   {product} {ergonomic}
   size_t MaxHeapSize                              = 2080374784                                {product} {ergonomic}
   size_t MinHeapDeltaBytes                        = 1048576                                   {product} {ergonomic}
   size_t MinHeapSize                              = 8388608                                   {product} {ergonomic}
    uintx NonNMethodCodeHeapSize                   = 5839372                                {pd product} {ergonomic}
    uintx NonProfiledCodeHeapSize                  = 122909434                              {pd product} {ergonomic}
    uintx ProfiledCodeHeapSize                     = 122909434                              {pd product} {ergonomic}
    uintx ReservedCodeCacheSize                    = 251658240                              {pd product} {ergonomic}
     bool SegmentedCodeCache                       = true                                      {product} {ergonomic}
   size_t SoftMaxHeapSize                          = 2080374784                             {manageable} {ergonomic}
     bool UseCompressedOops                        = true                           {product lp64_product} {ergonomic}
     bool UseG1GC                                  = true                                      {product} {ergonomic}
     bool UseLargePagesIndividualAllocation        = false                                  {pd product} {ergonomic}

Logging:
Log output configuration:
 #0: stdout all=warning uptime,level,tags foldmultilines=false
 #1: stderr all=off uptime,level,tags foldmultilines=false

Environment Variables:
JAVA_HOME=C:\Program Files\java\jdk-21.0.2
PATH=C:/Program Files/java/jdk-21.0.2/bin/server;C:/Program Files/java/jdk-21.0.2/bin;D:\app\oracle\product\21c\db_home1\bin;C:\WINDOWS\system32;C:\WINDOWS;C:\WINDOWS\System32\Wbem;C:\WINDOWS\System32\WindowsPowerShell\v1.0\;C:\WINDOWS\System32\OpenSSH\;C:\Program Files\dotnet\C:\Program Files\java\jdk-21.0.2\bin;.;C:\Program Files\java\jdk-21.0.2\bin;C:\Program Files (x86)\Microsoft SQL Server\160\Tools\Binn\;C:\Program Files\Microsoft SQL Server\160\Tools\Binn\;C:\Program Files\Microsoft SQL Server\Client SDK\ODBC\170\Tools\Binn\;C:\Program Files\Microsoft SQL Server\160\DTS\Binn\;C:\Program Files\dotnet\;C:\Program Files\nodejs\;C:\xampp\php;C:\Program Files;C:\Program Files\Git\cmd;C:\Program Files\MongoDB\mongosh-2.5.10-win32-x64\bin;;C:\Program Files\Docker\Docker\resources\bin;C:\Users\ASUS\AppData\Local\Microsoft\WindowsApps;C:\Users\ASUS\AppData\Local\Programs\Microsoft VS Code\bin;C:\Users\ASUS\AppData\Roaming\npm;C:\Users\ASUS\AppData\Local\GitHubDesktop\bin;C:\Users\ASUS\AppData\Roaming\Composer\vendor\bin;C:\msys64\ucrt64\bin;C:\Program Files\ffmpeg-2025-08-11-git-3542260376-full_build\bin;C:\Program Files\flutter\bin;C:\Users\ASUS\AppData\Local\Android\Sdk\platform-tools;C:\Users\ASUS\Desktop;
USERNAME=ASUS
OS=Windows_NT
PROCESSOR_IDENTIFIER=Intel64 Family 6 Model 141 Stepping 1, GenuineIntel
TMP=C:\Users\ASUS\AppData\Local\Temp
TEMP=C:\Users\ASUS\AppData\Local\Temp




Periodic native trim disabled

---------------  S Y S T E M  ---------------

OS:
 Windows 11 , 64 bit Build 26100 (10.0.26100.7920)
OS uptime: 5 days 13:16 hours
Hyper-V role detected

CPU: total 12 (initial active 12) (6 cores per cpu, 2 threads per core) family 6 model 141 stepping 1 microcode 0x34, cx8, cmov, fxsr, ht, mmx, 3dnowpref, sse, sse2, sse3, ssse3, sse4.1, sse4.2, popcnt, lzcnt, tsc, tscinvbit, avx, avx2, aes, erms, clmul, bmi1, bmi2, adx, avx512f, avx512dq, avx512cd, avx512bw, avx512vl, sha, fma, vzeroupper, avx512_vpopcntdq, avx512_vpclmulqdq, avx512_vaes, avx512_vnni, clflush, clflushopt, clwb, avx512_vbmi2, avx512_vbmi, hv, rdtscp, rdpid, fsrm, gfni, avx512_bitalg, f16c, cet_ibt, cet_ss, avx512_ifma
Processor Information for all 12 processors :
  Max Mhz: 2688, Current Mhz: 2688, Mhz Limit: 2688

Memory: 4k page, system-wide physical 7930M (625M free)
TotalPageFile size 32506M (AvailPageFile size 63M)
current process WorkingSet (physical memory assigned to process): 12M, peak: 12M
current process commit charge ("private bytes"): 64M, peak: 188M

vm_info: Java HotSpot(TM) 64-Bit Server VM (21.0.2+13-LTS-58) for windows-amd64 JRE (21.0.2+13-LTS-58), built on 2024-01-05T18:32:24Z by "mach5one" with MS VC++ 17.1 (VS2022)

END.
